This file contains any messages produced by compilers while
running configure, to aid debugging if configure makes a mistake.

It was created by NTCARD configure 1.1.0, which was
generated by GNU Autoconf 2.69.  Invocation command line was

  $ ./configure 

## --------- ##
## Platform. ##
## --------- ##

hostname = meeseeks
uname -m = x86_64
uname -r = 5.6.12-1-MANJARO
uname -s = Linux
uname -v = #1 SMP PREEMPT Sun May 10 14:36:43 UTC 2020

/usr/bin/uname -p = unknown
/bin/uname -X     = unknown

/bin/arch              = unknown
/usr/bin/arch -k       = unknown
/usr/convex/getsysinfo = unknown
/usr/bin/hostinfo      = unknown
/bin/machine           = unknown
/usr/bin/oslevel       = unknown
/bin/universe          = unknown

PATH: /usr/bin/
PATH: PATH


## ----------- ##
## Core tests. ##
## ----------- ##

configure:2472: checking for a BSD-compatible install
configure:2540: result: /usr/bin//install -c
configure:2551: checking whether build environment is sane
configure:2606: result: yes
configure:2755: checking for a thread-safe mkdir -p
configure:2794: result: /usr/bin//mkdir -p
configure:2801: checking for gawk
configure:2817: found /usr/bin//gawk
configure:2828: result: gawk
configure:2839: checking whether make sets $(MAKE)
configure:2861: result: yes
configure:2890: checking whether make supports nested variables
configure:2907: result: yes
configure:3050: checking for gawk
configure:3077: result: gawk
configure:3136: checking for gcc
configure:3152: found /usr/bin//gcc
configure:3163: result: gcc
configure:3392: checking for C compiler version
configure:3401: gcc --version >&5
gcc (GCC) 10.1.0
Copyright (C) 2020 Free Software Foundation, Inc.
This is free software; see the source for copying conditions.  There is NO
warranty; not even for MERCHANTABILITY or FITNESS FOR A PARTICULAR PURPOSE.

configure:3412: $? = 0
configure:3401: gcc -v >&5
Using built-in specs.
COLLECT_GCC=gcc
COLLECT_LTO_WRAPPER=/usr/lib/gcc/x86_64-pc-linux-gnu/10.1.0/lto-wrapper
Target: x86_64-pc-linux-gnu
Configured with: /build/gcc/src/gcc/configure --prefix=/usr --libdir=/usr/lib --libexecdir=/usr/lib --mandir=/usr/share/man --infodir=/usr/share/info --with-bugurl=https://bugs.archlinux.org/ --enable-languages=c,c++,ada,fortran,go,lto,objc,obj-c++,d --with-isl --with-linker-hash-style=gnu --with-system-zlib --enable-__cxa_atexit --enable-cet=auto --enable-checking=release --enable-clocale=gnu --enable-default-pie --enable-default-ssp --enable-gnu-indirect-function --enable-gnu-unique-object --enable-install-libiberty --enable-linker-build-id --enable-lto --enable-multilib --enable-plugin --enable-shared --enable-threads=posix --disable-libssp --disable-libstdcxx-pch --disable-libunwind-exceptions --disable-werror gdc_include_dir=/usr/include/dlang/gdc
Thread model: posix
Supported LTO compression algorithms: zlib zstd
gcc version 10.1.0 (GCC) 
configure:3412: $? = 0
configure:3401: gcc -V >&5
gcc: error: unrecognized command-line option '-V'
gcc: fatal error: no input files
compilation terminated.
configure:3412: $? = 1
configure:3401: gcc -qversion >&5
gcc: error: unrecognized command-line option '-qversion'; did you mean '--version'?
gcc: fatal error: no input files
compilation terminated.
configure:3412: $? = 1
configure:3432: checking whether the C compiler works
configure:3454: gcc    conftest.c  >&5
configure:3458: $? = 0
configure:3506: result: yes
configure:3509: checking for C compiler default output file name
configure:3511: result: a.out
configure:3517: checking for suffix of executables
configure:3524: gcc -o conftest    conftest.c  >&5
configure:3528: $? = 0
configure:3550: result: 
configure:3572: checking whether we are cross compiling
configure:3580: gcc -o conftest    conftest.c  >&5
configure:3584: $? = 0
configure:3591: ./conftest
configure:3595: $? = 0
configure:3583: result: no
configure:3588: checking for suffix of object files
configure:3610: gcc -c   conftest.c >&5
configure:3614: $? = 0
configure:3635: result: o
configure:3639: checking whether we are using the GNU C compiler
configure:3658: gcc -c   conftest.c >&5
configure:3658: $? = 0
configure:3667: result: yes
configure:3676: checking whether gcc accepts -g
configure:3696: gcc -c -g  conftest.c >&5
configure:3696: $? = 0
configure:3737: result: yes
configure:3754: checking for gcc option to accept ISO C89
configure:3817: gcc  -c -g -O2  conftest.c >&5
configure:3817: $? = 0
configure:3830: result: none needed
configure:3855: checking whether gcc understands -c and -o together
configure:3877: gcc -c conftest.c -o conftest2.o
configure:3880: $? = 0
configure:3877: gcc -c conftest.c -o conftest2.o
configure:3880: $? = 0
configure:3892: result: yes
configure:3920: checking for style of include used by make
configure:3948: result: GNU
configure:3974: checking dependency style of gcc
configure:4085: result: gcc3
configure:4105: checking how to run the C preprocessor
configure:4136: gcc -E  conftest.c
configure:4136: $? = 0
configure:4150: gcc -E  conftest.c
conftest.c:11:10: fatal error: ac_nonexistent.h: No such file or directory
   11 | #include <ac_nonexistent.h>
      |          ^~~~~~~~~~~~~~~~~~
compilation terminated.
configure:4150: $? = 1
configure: failed program was:
| /* confdefs.h */
| #define PACKAGE_NAME "NTCARD"
| #define PACKAGE_TARNAME "ntcard"
| #define PACKAGE_VERSION "1.1.0"
| #define PACKAGE_STRING "NTCARD 1.1.0"
| #define PACKAGE_BUGREPORT "hmohamadi@bcgsc.ca"
| #define PACKAGE_URL "https://github.com/bcgsc/ntCard"
| #define PACKAGE "ntcard"
| #define VERSION "1.1.0"
| /* end confdefs.h.  */
| #include <ac_nonexistent.h>
configure:4175: result: gcc -E
configure:4195: gcc -E  conftest.c
configure:4195: $? = 0
configure:4209: gcc -E  conftest.c
conftest.c:11:10: fatal error: ac_nonexistent.h: No such file or directory
   11 | #include <ac_nonexistent.h>
      |          ^~~~~~~~~~~~~~~~~~
compilation terminated.
configure:4209: $? = 1
configure: failed program was:
| /* confdefs.h */
| #define PACKAGE_NAME "NTCARD"
| #define PACKAGE_TARNAME "ntcard"
| #define PACKAGE_VERSION "1.1.0"
| #define PACKAGE_STRING "NTCARD 1.1.0"
| #define PACKAGE_BUGREPORT "hmohamadi@bcgsc.ca"
| #define PACKAGE_URL "https://github.com/bcgsc/ntCard"
| #define PACKAGE "ntcard"
| #define VERSION "1.1.0"
| /* end confdefs.h.  */
| #include <ac_nonexistent.h>
configure:4295: checking for g++
configure:4311: found /usr/bin//g++
configure:4322: result: g++
configure:4349: checking for C++ compiler version
configure:4358: g++ --version >&5
g++ (GCC) 10.1.0
Copyright (C) 2020 Free Software Foundation, Inc.
This is free software; see the source for copying conditions.  There is NO
warranty; not even for MERCHANTABILITY or FITNESS FOR A PARTICULAR PURPOSE.

configure:4369: $? = 0
configure:4358: g++ -v >&5
Using built-in specs.
COLLECT_GCC=g++
COLLECT_LTO_WRAPPER=/usr/lib/gcc/x86_64-pc-linux-gnu/10.1.0/lto-wrapper
Target: x86_64-pc-linux-gnu
Configured with: /build/gcc/src/gcc/configure --prefix=/usr --libdir=/usr/lib --libexecdir=/usr/lib --mandir=/usr/share/man --infodir=/usr/share/info --with-bugurl=https://bugs.archlinux.org/ --enable-languages=c,c++,ada,fortran,go,lto,objc,obj-c++,d --with-isl --with-linker-hash-style=gnu --with-system-zlib --enable-__cxa_atexit --enable-cet=auto --enable-checking=release --enable-clocale=gnu --enable-default-pie --enable-default-ssp --enable-gnu-indirect-function --enable-gnu-unique-object --enable-install-libiberty --enable-linker-build-id --enable-lto --enable-multilib --enable-plugin --enable-shared --enable-threads=posix --disable-libssp --disable-libstdcxx-pch --disable-libunwind-exceptions --disable-werror gdc_include_dir=/usr/include/dlang/gdc
Thread model: posix
Supported LTO compression algorithms: zlib zstd
gcc version 10.1.0 (GCC) 
configure:4369: $? = 0
configure:4358: g++ -V >&5
g++: error: unrecognized command-line option '-V'
g++: fatal error: no input files
compilation terminated.
configure:4369: $? = 1
configure:4358: g++ -qversion >&5
g++: error: unrecognized command-line option '-qversion'; did you mean '--version'?
g++: fatal error: no input files
compilation terminated.
configure:4369: $? = 1
configure:4373: checking whether we are using the GNU C++ compiler
configure:4392: g++ -c -O3  conftest.cpp >&5
configure:4392: $? = 0
configure:4401: result: yes
configure:4410: checking whether g++ accepts -g
configure:4430: g++ -c -g  conftest.cpp >&5
configure:4430: $? = 0
configure:4471: result: yes
configure:4496: checking dependency style of g++
configure:4607: result: gcc3
configure:4666: checking for ranlib
configure:4682: found /usr/bin//ranlib
configure:4693: result: ranlib
configure:4719: checking for grep that handles long lines and -e
configure:4777: result: /usr/bin//grep
configure:4782: checking for egrep
configure:4844: result: /usr/bin//grep -E
configure:4849: checking for ANSI C header files
configure:4869: gcc -c -g -O2  conftest.c >&5
configure:4869: $? = 0
configure:4942: gcc -o conftest -g -O2   conftest.c  >&5
configure:4942: $? = 0
configure:4942: ./conftest
configure:4942: $? = 0
configure:4953: result: yes
configure:4966: checking for sys/types.h
configure:4966: gcc -c -g -O2  conftest.c >&5
configure:4966: $? = 0
configure:4966: result: yes
configure:4966: checking for sys/stat.h
configure:4966: gcc -c -g -O2  conftest.c >&5
configure:4966: $? = 0
configure:4966: result: yes
configure:4966: checking for stdlib.h
configure:4966: gcc -c -g -O2  conftest.c >&5
configure:4966: $? = 0
configure:4966: result: yes
configure:4966: checking for string.h
configure:4966: gcc -c -g -O2  conftest.c >&5
configure:4966: $? = 0
configure:4966: result: yes
configure:4966: checking for memory.h
configure:4966: gcc -c -g -O2  conftest.c >&5
configure:4966: $? = 0
configure:4966: result: yes
configure:4966: checking for strings.h
configure:4966: gcc -c -g -O2  conftest.c >&5
configure:4966: $? = 0
configure:4966: result: yes
configure:4966: checking for inttypes.h
configure:4966: gcc -c -g -O2  conftest.c >&5
configure:4966: $? = 0
configure:4966: result: yes
configure:4966: checking for stdint.h
configure:4966: gcc -c -g -O2  conftest.c >&5
configure:4966: $? = 0
configure:4966: result: yes
configure:4966: checking for unistd.h
configure:4966: gcc -c -g -O2  conftest.c >&5
configure:4966: $? = 0
configure:4966: result: yes
configure:4982: checking dlfcn.h usability
configure:4982: gcc -c -g -O2  conftest.c >&5
configure:4982: $? = 0
configure:4982: result: yes
configure:4982: checking dlfcn.h presence
configure:4982: gcc -E  conftest.c
configure:4982: $? = 0
configure:4982: result: yes
configure:4982: checking for dlfcn.h
configure:4982: result: yes
configure:4982: checking fcntl.h usability
configure:4982: gcc -c -g -O2  conftest.c >&5
configure:4982: $? = 0
configure:4982: result: yes
configure:4982: checking fcntl.h presence
configure:4982: gcc -E  conftest.c
configure:4982: $? = 0
configure:4982: result: yes
configure:4982: checking for fcntl.h
configure:4982: result: yes
configure:4982: checking float.h usability
configure:4982: gcc -c -g -O2  conftest.c >&5
configure:4982: $? = 0
configure:4982: result: yes
configure:4982: checking float.h presence
configure:4982: gcc -E  conftest.c
configure:4982: $? = 0
configure:4982: result: yes
configure:4982: checking for float.h
configure:4982: result: yes
configure:4982: checking limits.h usability
configure:4982: gcc -c -g -O2  conftest.c >&5
configure:4982: $? = 0
configure:4982: result: yes
configure:4982: checking limits.h presence
configure:4982: gcc -E  conftest.c
configure:4982: $? = 0
configure:4982: result: yes
configure:4982: checking for limits.h
configure:4982: result: yes
configure:4982: checking stddef.h usability
configure:4982: gcc -c -g -O2  conftest.c >&5
configure:4982: $? = 0
configure:4982: result: yes
configure:4982: checking stddef.h presence
configure:4982: gcc -E  conftest.c
configure:4982: $? = 0
configure:4982: result: yes
configure:4982: checking for stddef.h
configure:4982: result: yes
configure:4982: checking for stdint.h
configure:4982: result: yes
configure:4982: checking for stdlib.h
configure:4982: result: yes
configure:4982: checking sys/param.h usability
configure:4982: gcc -c -g -O2  conftest.c >&5
configure:4982: $? = 0
configure:4982: result: yes
configure:4982: checking sys/param.h presence
configure:4982: gcc -E  conftest.c
configure:4982: $? = 0
configure:4982: result: yes
configure:4982: checking for sys/param.h
configure:4982: result: yes
configure:4982: checking zlib.h usability
configure:4982: gcc -c -g -O2  conftest.c >&5
configure:4982: $? = 0
configure:4982: result: yes
configure:4982: checking zlib.h presence
configure:4982: gcc -E  conftest.c
configure:4982: $? = 0
configure:4982: result: yes
configure:4982: checking for zlib.h
configure:4982: result: yes
configure:4992: checking for stdbool.h that conforms to C99
configure:5059: gcc -c -g -O2  conftest.c >&5
configure:5059: $? = 0
configure:5066: result: yes
configure:5068: checking for _Bool
configure:5068: gcc -c -g -O2  conftest.c >&5
configure:5068: $? = 0
configure:5068: gcc -c -g -O2  conftest.c >&5
conftest.c: In function 'main':
conftest.c:66:20: error: expected expression before ')' token
   66 | if (sizeof ((_Bool)))
      |                    ^
configure:5068: $? = 1
configure: failed program was:
| /* confdefs.h */
| #define PACKAGE_NAME "NTCARD"
| #define PACKAGE_TARNAME "ntcard"
| #define PACKAGE_VERSION "1.1.0"
| #define PACKAGE_STRING "NTCARD 1.1.0"
| #define PACKAGE_BUGREPORT "hmohamadi@bcgsc.ca"
| #define PACKAGE_URL "https://github.com/bcgsc/ntCard"
| #define PACKAGE "ntcard"
| #define VERSION "1.1.0"
| #define STDC_HEADERS 1
| #define HAVE_SYS_TYPES_H 1
| #define HAVE_SYS_STAT_H 1
| #define HAVE_STDLIB_H 1
| #define HAVE_STRING_H 1
| #define HAVE_MEMORY_H 1
| #define HAVE_STRINGS_H 1
| #define HAVE_INTTYPES_H 1
| #define HAVE_STDINT_H 1
| #define HAVE_UNISTD_H 1
| #define HAVE_DLFCN_H 1
| #define HAVE_FCNTL_H 1
| #define HAVE_FLOAT_H 1
| #define HAVE_LIMITS_H 1
| #define HAVE_STDDEF_H 1
| #define HAVE_STDINT_H 1
| #define HAVE_STDLIB_H 1
| #define HAVE_SYS_PARAM_H 1
| #define HAVE_ZLIB_H 1
| /* end confdefs.h.  */
| #include <stdio.h>
| #ifdef HAVE_SYS_TYPES_H
| # include <sys/types.h>
| #endif
| #ifdef HAVE_SYS_STAT_H
| # include <sys/stat.h>
| #endif
| #ifdef STDC_HEADERS
| # include <stdlib.h>
| # include <stddef.h>
| #else
| # ifdef HAVE_STDLIB_H
| #  include <stdlib.h>
| # endif
| #endif
| #ifdef HAVE_STRING_H
| # if !defined STDC_HEADERS && defined HAVE_MEMORY_H
| #  include <memory.h>
| # endif
| # include <string.h>
| #endif
| #ifdef HAVE_STRINGS_H
| # include <strings.h>
| #endif
| #ifdef HAVE_INTTYPES_H
| # include <inttypes.h>
| #endif
| #ifdef HAVE_STDINT_H
| # include <stdint.h>
| #endif
| #ifdef HAVE_UNISTD_H
| # include <unistd.h>
| #endif
| int
| main ()
| {
| if (sizeof ((_Bool)))
| 	    return 0;
|   ;
|   return 0;
| }
configure:5068: result: yes
configure:5085: checking for ANSI C header files
configure:5189: result: yes
configure:5203: checking for dup2
configure:5203: gcc -o conftest -g -O2   conftest.c  >&5
configure:5203: $? = 0
configure:5203: result: yes
configure:5203: checking for gethostname
configure:5203: gcc -o conftest -g -O2   conftest.c  >&5
configure:5203: $? = 0
configure:5203: result: yes
configure:5203: checking for getopt_long
configure:5203: gcc -o conftest -g -O2   conftest.c  >&5
configure:5203: $? = 0
configure:5203: result: yes
configure:5203: checking for getpagesize
configure:5203: gcc -o conftest -g -O2   conftest.c  >&5
configure:5203: $? = 0
configure:5203: result: yes
configure:5203: checking for memset
configure:5203: gcc -o conftest -g -O2   conftest.c  >&5
conftest.c:60:6: warning: conflicting types for built-in function 'memset'; expected 'void *(void *, int,  long unsigned int)' [-Wbuiltin-declaration-mismatch]
   60 | char memset ();
      |      ^~~~~~
conftest.c:48:1: note: 'memset' is declared in header '<string.h>'
   47 | # include <limits.h>
   48 | #else
configure:5203: $? = 0
configure:5203: result: yes
configure:5203: checking for strdup
configure:5203: gcc -o conftest -g -O2   conftest.c  >&5
conftest.c:61:6: warning: conflicting types for built-in function 'strdup'; expected 'char *(const char *)' [-Wbuiltin-declaration-mismatch]
   61 | char strdup ();
      |      ^~~~~~
configure:5203: $? = 0
configure:5203: result: yes
configure:5203: checking for strerror
configure:5203: gcc -o conftest -g -O2   conftest.c  >&5
configure:5203: $? = 0
configure:5203: result: yes
configure:5203: checking for strtoul
configure:5203: gcc -o conftest -g -O2   conftest.c  >&5
configure:5203: $? = 0
configure:5203: result: yes
configure:5212: checking for pid_t
configure:5212: gcc -c -g -O2  conftest.c >&5
configure:5212: $? = 0
configure:5212: gcc -c -g -O2  conftest.c >&5
conftest.c: In function 'main':
conftest.c:77:20: error: expected expression before ')' token
   77 | if (sizeof ((pid_t)))
      |                    ^
configure:5212: $? = 1
configure: failed program was:
| /* confdefs.h */
| #define PACKAGE_NAME "NTCARD"
| #define PACKAGE_TARNAME "ntcard"
| #define PACKAGE_VERSION "1.1.0"
| #define PACKAGE_STRING "NTCARD 1.1.0"
| #define PACKAGE_BUGREPORT "hmohamadi@bcgsc.ca"
| #define PACKAGE_URL "https://github.com/bcgsc/ntCard"
| #define PACKAGE "ntcard"
| #define VERSION "1.1.0"
| #define STDC_HEADERS 1
| #define HAVE_SYS_TYPES_H 1
| #define HAVE_SYS_STAT_H 1
| #define HAVE_STDLIB_H 1
| #define HAVE_STRING_H 1
| #define HAVE_MEMORY_H 1
| #define HAVE_STRINGS_H 1
| #define HAVE_INTTYPES_H 1
| #define HAVE_STDINT_H 1
| #define HAVE_UNISTD_H 1
| #define HAVE_DLFCN_H 1
| #define HAVE_FCNTL_H 1
| #define HAVE_FLOAT_H 1
| #define HAVE_LIMITS_H 1
| #define HAVE_STDDEF_H 1
| #define HAVE_STDINT_H 1
| #define HAVE_STDLIB_H 1
| #define HAVE_SYS_PARAM_H 1
| #define HAVE_ZLIB_H 1
| #define HAVE__BOOL 1
| #define HAVE_STDBOOL_H 1
| #define STDC_HEADERS 1
| #define HAVE_DUP2 1
| #define HAVE_GETHOSTNAME 1
| #define HAVE_GETOPT_LONG 1
| #define HAVE_GETPAGESIZE 1
| #define HAVE_MEMSET 1
| #define HAVE_STRDUP 1
| #define HAVE_STRERROR 1
| #define HAVE_STRTOUL 1
| /* end confdefs.h.  */
| #include <stdio.h>
| #ifdef HAVE_SYS_TYPES_H
| # include <sys/types.h>
| #endif
| #ifdef HAVE_SYS_STAT_H
| # include <sys/stat.h>
| #endif
| #ifdef STDC_HEADERS
| # include <stdlib.h>
| # include <stddef.h>
| #else
| # ifdef HAVE_STDLIB_H
| #  include <stdlib.h>
| # endif
| #endif
| #ifdef HAVE_STRING_H
| # if !defined STDC_HEADERS && defined HAVE_MEMORY_H
| #  include <memory.h>
| # endif
| # include <string.h>
| #endif
| #ifdef HAVE_STRINGS_H
| # include <strings.h>
| #endif
| #ifdef HAVE_INTTYPES_H
| # include <inttypes.h>
| #endif
| #ifdef HAVE_STDINT_H
| # include <stdint.h>
| #endif
| #ifdef HAVE_UNISTD_H
| # include <unistd.h>
| #endif
| int
| main ()
| {
| if (sizeof ((pid_t)))
| 	    return 0;
|   ;
|   return 0;
| }
configure:5212: result: yes
configure:5225: checking vfork.h usability
configure:5225: gcc -c -g -O2  conftest.c >&5
conftest.c:74:10: fatal error: vfork.h: No such file or directory
   74 | #include <vfork.h>
      |          ^~~~~~~~~
compilation terminated.
configure:5225: $? = 1
configure: failed program was:
| /* confdefs.h */
| #define PACKAGE_NAME "NTCARD"
| #define PACKAGE_TARNAME "ntcard"
| #define PACKAGE_VERSION "1.1.0"
| #define PACKAGE_STRING "NTCARD 1.1.0"
| #define PACKAGE_BUGREPORT "hmohamadi@bcgsc.ca"
| #define PACKAGE_URL "https://github.com/bcgsc/ntCard"
| #define PACKAGE "ntcard"
| #define VERSION "1.1.0"
| #define STDC_HEADERS 1
| #define HAVE_SYS_TYPES_H 1
| #define HAVE_SYS_STAT_H 1
| #define HAVE_STDLIB_H 1
| #define HAVE_STRING_H 1
| #define HAVE_MEMORY_H 1
| #define HAVE_STRINGS_H 1
| #define HAVE_INTTYPES_H 1
| #define HAVE_STDINT_H 1
| #define HAVE_UNISTD_H 1
| #define HAVE_DLFCN_H 1
| #define HAVE_FCNTL_H 1
| #define HAVE_FLOAT_H 1
| #define HAVE_LIMITS_H 1
| #define HAVE_STDDEF_H 1
| #define HAVE_STDINT_H 1
| #define HAVE_STDLIB_H 1
| #define HAVE_SYS_PARAM_H 1
| #define HAVE_ZLIB_H 1
| #define HAVE__BOOL 1
| #define HAVE_STDBOOL_H 1
| #define STDC_HEADERS 1
| #define HAVE_DUP2 1
| #define HAVE_GETHOSTNAME 1
| #define HAVE_GETOPT_LONG 1
| #define HAVE_GETPAGESIZE 1
| #define HAVE_MEMSET 1
| #define HAVE_STRDUP 1
| #define HAVE_STRERROR 1
| #define HAVE_STRTOUL 1
| /* end confdefs.h.  */
| #include <stdio.h>
| #ifdef HAVE_SYS_TYPES_H
| # include <sys/types.h>
| #endif
| #ifdef HAVE_SYS_STAT_H
| # include <sys/stat.h>
| #endif
| #ifdef STDC_HEADERS
| # include <stdlib.h>
| # include <stddef.h>
| #else
| # ifdef HAVE_STDLIB_H
| #  include <stdlib.h>
| # endif
| #endif
| #ifdef HAVE_STRING_H
| # if !defined STDC_HEADERS && defined HAVE_MEMORY_H
| #  include <memory.h>
| # endif
| # include <string.h>
| #endif
| #ifdef HAVE_STRINGS_H
| # include <strings.h>
| #endif
| #ifdef HAVE_INTTYPES_H
| # include <inttypes.h>
| #endif
| #ifdef HAVE_STDINT_H
| # include <stdint.h>
| #endif
| #ifdef HAVE_UNISTD_H
| # include <unistd.h>
| #endif
| #include <vfork.h>
configure:5225: result: no
configure:5225: checking vfork.h presence
configure:5225: gcc -E  conftest.c
conftest.c:41:10: fatal error: vfork.h: No such file or directory
   41 | #include <vfork.h>
      |          ^~~~~~~~~
compilation terminated.
configure:5225: $? = 1
configure: failed program was:
| /* confdefs.h */
| #define PACKAGE_NAME "NTCARD"
| #define PACKAGE_TARNAME "ntcard"
| #define PACKAGE_VERSION "1.1.0"
| #define PACKAGE_STRING "NTCARD 1.1.0"
| #define PACKAGE_BUGREPORT "hmohamadi@bcgsc.ca"
| #define PACKAGE_URL "https://github.com/bcgsc/ntCard"
| #define PACKAGE "ntcard"
| #define VERSION "1.1.0"
| #define STDC_HEADERS 1
| #define HAVE_SYS_TYPES_H 1
| #define HAVE_SYS_STAT_H 1
| #define HAVE_STDLIB_H 1
| #define HAVE_STRING_H 1
| #define HAVE_MEMORY_H 1
| #define HAVE_STRINGS_H 1
| #define HAVE_INTTYPES_H 1
| #define HAVE_STDINT_H 1
| #define HAVE_UNISTD_H 1
| #define HAVE_DLFCN_H 1
| #define HAVE_FCNTL_H 1
| #define HAVE_FLOAT_H 1
| #define HAVE_LIMITS_H 1
| #define HAVE_STDDEF_H 1
| #define HAVE_STDINT_H 1
| #define HAVE_STDLIB_H 1
| #define HAVE_SYS_PARAM_H 1
| #define HAVE_ZLIB_H 1
| #define HAVE__BOOL 1
| #define HAVE_STDBOOL_H 1
| #define STDC_HEADERS 1
| #define HAVE_DUP2 1
| #define HAVE_GETHOSTNAME 1
| #define HAVE_GETOPT_LONG 1
| #define HAVE_GETPAGESIZE 1
| #define HAVE_MEMSET 1
| #define HAVE_STRDUP 1
| #define HAVE_STRERROR 1
| #define HAVE_STRTOUL 1
| /* end confdefs.h.  */
| #include <vfork.h>
configure:5225: result: no
configure:5225: checking for vfork.h
configure:5225: result: no
configure:5238: checking for fork
configure:5238: gcc -o conftest -g -O2   conftest.c  >&5
conftest.c:64:6: warning: conflicting types for built-in function 'fork'; expected 'int(void)' [-Wbuiltin-declaration-mismatch]
   64 | char fork ();
      |      ^~~~
configure:5238: $? = 0
configure:5238: result: yes
configure:5238: checking for vfork
configure:5238: gcc -o conftest -g -O2   conftest.c  >&5
configure:5238: $? = 0
configure:5238: result: yes
configure:5248: checking for working fork
configure:5270: gcc -o conftest -g -O2   conftest.c  >&5
configure:5270: $? = 0
configure:5270: ./conftest
configure:5270: $? = 0
configure:5280: result: yes
configure:5301: checking for working vfork
configure:5411: result: yes
configure:5438: checking for stdlib.h
configure:5438: result: yes
configure:5448: checking for GNU libc compatible malloc
configure:5472: gcc -o conftest -g -O2   conftest.c  >&5
configure:5472: $? = 0
configure:5472: ./conftest
configure:5472: $? = 0
configure:5482: result: yes
configure:5503: checking for working memcmp
configure:5546: gcc -o conftest -g -O2   conftest.c  >&5
configure:5546: $? = 0
configure:5546: ./conftest
configure:5546: $? = 0
configure:5556: result: yes
configure:5567: checking for stdlib.h
configure:5567: result: yes
configure:5577: checking for GNU libc compatible realloc
configure:5601: gcc -o conftest -g -O2   conftest.c  >&5
configure:5601: $? = 0
configure:5601: ./conftest
configure:5601: $? = 0
configure:5611: result: yes
configure:5641: checking for vprintf
configure:5641: gcc -o conftest -g -O2   conftest.c  >&5
conftest.c:72:6: warning: conflicting types for built-in function 'vprintf'; expected 'int(const char *, __va_list_tag *)' [-Wbuiltin-declaration-mismatch]
   72 | char vprintf ();
      |      ^~~~~~~
conftest.c:60:1: note: 'vprintf' is declared in header '<stdio.h>'
   59 | # include <limits.h>
   60 | #else
configure:5641: $? = 0
configure:5641: result: yes
configure:5647: checking for _doprnt
configure:5647: gcc -o conftest -g -O2   conftest.c  >&5
/usr/bin/ld: /tmp/ccw0JOdw.o: in function `main':
/home/pdimens/secondary/pdimens/yft_genome_v2/Talbacares/software/kmergenie-1.7051/ntCard/conftest.c:84: undefined reference to `_doprnt'
collect2: error: ld returned 1 exit status
configure:5647: $? = 1
configure: failed program was:
| /* confdefs.h */
| #define PACKAGE_NAME "NTCARD"
| #define PACKAGE_TARNAME "ntcard"
| #define PACKAGE_VERSION "1.1.0"
| #define PACKAGE_STRING "NTCARD 1.1.0"
| #define PACKAGE_BUGREPORT "hmohamadi@bcgsc.ca"
| #define PACKAGE_URL "https://github.com/bcgsc/ntCard"
| #define PACKAGE "ntcard"
| #define VERSION "1.1.0"
| #define STDC_HEADERS 1
| #define HAVE_SYS_TYPES_H 1
| #define HAVE_SYS_STAT_H 1
| #define HAVE_STDLIB_H 1
| #define HAVE_STRING_H 1
| #define HAVE_MEMORY_H 1
| #define HAVE_STRINGS_H 1
| #define HAVE_INTTYPES_H 1
| #define HAVE_STDINT_H 1
| #define HAVE_UNISTD_H 1
| #define HAVE_DLFCN_H 1
| #define HAVE_FCNTL_H 1
| #define HAVE_FLOAT_H 1
| #define HAVE_LIMITS_H 1
| #define HAVE_STDDEF_H 1
| #define HAVE_STDINT_H 1
| #define HAVE_STDLIB_H 1
| #define HAVE_SYS_PARAM_H 1
| #define HAVE_ZLIB_H 1
| #define HAVE__BOOL 1
| #define HAVE_STDBOOL_H 1
| #define STDC_HEADERS 1
| #define HAVE_DUP2 1
| #define HAVE_GETHOSTNAME 1
| #define HAVE_GETOPT_LONG 1
| #define HAVE_GETPAGESIZE 1
| #define HAVE_MEMSET 1
| #define HAVE_STRDUP 1
| #define HAVE_STRERROR 1
| #define HAVE_STRTOUL 1
| #define HAVE_FORK 1
| #define HAVE_VFORK 1
| #define HAVE_WORKING_VFORK 1
| #define HAVE_WORKING_FORK 1
| #define HAVE_STDLIB_H 1
| #define HAVE_MALLOC 1
| #define HAVE_STDLIB_H 1
| #define HAVE_REALLOC 1
| #define HAVE_VPRINTF 1
| /* end confdefs.h.  */
| /* Define _doprnt to an innocuous variant, in case <limits.h> declares _doprnt.
|    For example, HP-UX 11i <limits.h> declares gettimeofday.  */
| #define _doprnt innocuous__doprnt
| 
| /* System header to define __stub macros and hopefully few prototypes,
|     which can conflict with char _doprnt (); below.
|     Prefer <limits.h> to <assert.h> if __STDC__ is defined, since
|     <limits.h> exists even on freestanding compilers.  */
| 
| #ifdef __STDC__
| # include <limits.h>
| #else
| # include <assert.h>
| #endif
| 
| #undef _doprnt
| 
| /* Override any GCC internal prototype to avoid an error.
|    Use char because int might match the return type of a GCC
|    builtin and then its argument prototype would still apply.  */
| #ifdef __cplusplus
| extern "C"
| #endif
| char _doprnt ();
| /* The GNU C library defines this for functions which it implements
|     to always fail with ENOSYS.  Some functions are actually named
|     something starting with __ and the normal name is an alias.  */
| #if defined __stub__doprnt || defined __stub____doprnt
| choke me
| #endif
| 
| int
| main ()
| {
| return _doprnt ();
|   ;
|   return 0;
| }
configure:5647: result: no
configure:5660: checking whether byte ordering is bigendian
configure:5675: gcc -c -g -O2  conftest.c >&5
conftest.c:51:9: error: unknown type name 'not'
   51 |         not a universal capable compiler
      |         ^~~
conftest.c:51:15: error: expected '=', ',', ';', 'asm' or '__attribute__' before 'universal'
   51 |         not a universal capable compiler
      |               ^~~~~~~~~
conftest.c:51:15: error: unknown type name 'universal'
configure:5675: $? = 1
configure: failed program was:
| /* confdefs.h */
| #define PACKAGE_NAME "NTCARD"
| #define PACKAGE_TARNAME "ntcard"
| #define PACKAGE_VERSION "1.1.0"
| #define PACKAGE_STRING "NTCARD 1.1.0"
| #define PACKAGE_BUGREPORT "hmohamadi@bcgsc.ca"
| #define PACKAGE_URL "https://github.com/bcgsc/ntCard"
| #define PACKAGE "ntcard"
| #define VERSION "1.1.0"
| #define STDC_HEADERS 1
| #define HAVE_SYS_TYPES_H 1
| #define HAVE_SYS_STAT_H 1
| #define HAVE_STDLIB_H 1
| #define HAVE_STRING_H 1
| #define HAVE_MEMORY_H 1
| #define HAVE_STRINGS_H 1
| #define HAVE_INTTYPES_H 1
| #define HAVE_STDINT_H 1
| #define HAVE_UNISTD_H 1
| #define HAVE_DLFCN_H 1
| #define HAVE_FCNTL_H 1
| #define HAVE_FLOAT_H 1
| #define HAVE_LIMITS_H 1
| #define HAVE_STDDEF_H 1
| #define HAVE_STDINT_H 1
| #define HAVE_STDLIB_H 1
| #define HAVE_SYS_PARAM_H 1
| #define HAVE_ZLIB_H 1
| #define HAVE__BOOL 1
| #define HAVE_STDBOOL_H 1
| #define STDC_HEADERS 1
| #define HAVE_DUP2 1
| #define HAVE_GETHOSTNAME 1
| #define HAVE_GETOPT_LONG 1
| #define HAVE_GETPAGESIZE 1
| #define HAVE_MEMSET 1
| #define HAVE_STRDUP 1
| #define HAVE_STRERROR 1
| #define HAVE_STRTOUL 1
| #define HAVE_FORK 1
| #define HAVE_VFORK 1
| #define HAVE_WORKING_VFORK 1
| #define HAVE_WORKING_FORK 1
| #define HAVE_STDLIB_H 1
| #define HAVE_MALLOC 1
| #define HAVE_STDLIB_H 1
| #define HAVE_REALLOC 1
| #define HAVE_VPRINTF 1
| /* end confdefs.h.  */
| #ifndef __APPLE_CC__
| 	       not a universal capable compiler
| 	     #endif
| 	     typedef int dummy;
| 
configure:5720: gcc -c -g -O2  conftest.c >&5
configure:5720: $? = 0
configure:5738: gcc -c -g -O2  conftest.c >&5
conftest.c: In function 'main':
conftest.c:57:4: error: unknown type name 'not'; did you mean 'ino_t'?
   57 |    not big endian
      |    ^~~
      |    ino_t
conftest.c:57:12: error: expected '=', ',', ';', 'asm' or '__attribute__' before 'endian'
   57 |    not big endian
      |            ^~~~~~
configure:5738: $? = 1
configure: failed program was:
| /* confdefs.h */
| #define PACKAGE_NAME "NTCARD"
| #define PACKAGE_TARNAME "ntcard"
| #define PACKAGE_VERSION "1.1.0"
| #define PACKAGE_STRING "NTCARD 1.1.0"
| #define PACKAGE_BUGREPORT "hmohamadi@bcgsc.ca"
| #define PACKAGE_URL "https://github.com/bcgsc/ntCard"
| #define PACKAGE "ntcard"
| #define VERSION "1.1.0"
| #define STDC_HEADERS 1
| #define HAVE_SYS_TYPES_H 1
| #define HAVE_SYS_STAT_H 1
| #define HAVE_STDLIB_H 1
| #define HAVE_STRING_H 1
| #define HAVE_MEMORY_H 1
| #define HAVE_STRINGS_H 1
| #define HAVE_INTTYPES_H 1
| #define HAVE_STDINT_H 1
| #define HAVE_UNISTD_H 1
| #define HAVE_DLFCN_H 1
| #define HAVE_FCNTL_H 1
| #define HAVE_FLOAT_H 1
| #define HAVE_LIMITS_H 1
| #define HAVE_STDDEF_H 1
| #define HAVE_STDINT_H 1
| #define HAVE_STDLIB_H 1
| #define HAVE_SYS_PARAM_H 1
| #define HAVE_ZLIB_H 1
| #define HAVE__BOOL 1
| #define HAVE_STDBOOL_H 1
| #define STDC_HEADERS 1
| #define HAVE_DUP2 1
| #define HAVE_GETHOSTNAME 1
| #define HAVE_GETOPT_LONG 1
| #define HAVE_GETPAGESIZE 1
| #define HAVE_MEMSET 1
| #define HAVE_STRDUP 1
| #define HAVE_STRERROR 1
| #define HAVE_STRTOUL 1
| #define HAVE_FORK 1
| #define HAVE_VFORK 1
| #define HAVE_WORKING_VFORK 1
| #define HAVE_WORKING_FORK 1
| #define HAVE_STDLIB_H 1
| #define HAVE_MALLOC 1
| #define HAVE_STDLIB_H 1
| #define HAVE_REALLOC 1
| #define HAVE_VPRINTF 1
| /* end confdefs.h.  */
| #include <sys/types.h>
| 		#include <sys/param.h>
| 
| int
| main ()
| {
| #if BYTE_ORDER != BIG_ENDIAN
| 		 not big endian
| 		#endif
| 
|   ;
|   return 0;
| }
configure:5866: result: no
configure:5884: checking for an ANSI C-conforming const
configure:5950: gcc -c -g -O2  conftest.c >&5
configure:5950: $? = 0
configure:5957: result: yes
configure:5965: checking for inline
configure:5981: gcc -c -g -O2  conftest.c >&5
configure:5981: $? = 0
configure:5989: result: inline
configure:6007: checking for ptrdiff_t
configure:6007: gcc -c -g -O2  conftest.c >&5
configure:6007: $? = 0
configure:6007: gcc -c -g -O2  conftest.c >&5
conftest.c: In function 'main':
conftest.c:86:24: error: expected expression before ')' token
   86 | if (sizeof ((ptrdiff_t)))
      |                        ^
configure:6007: $? = 1
configure: failed program was:
| /* confdefs.h */
| #define PACKAGE_NAME "NTCARD"
| #define PACKAGE_TARNAME "ntcard"
| #define PACKAGE_VERSION "1.1.0"
| #define PACKAGE_STRING "NTCARD 1.1.0"
| #define PACKAGE_BUGREPORT "hmohamadi@bcgsc.ca"
| #define PACKAGE_URL "https://github.com/bcgsc/ntCard"
| #define PACKAGE "ntcard"
| #define VERSION "1.1.0"
| #define STDC_HEADERS 1
| #define HAVE_SYS_TYPES_H 1
| #define HAVE_SYS_STAT_H 1
| #define HAVE_STDLIB_H 1
| #define HAVE_STRING_H 1
| #define HAVE_MEMORY_H 1
| #define HAVE_STRINGS_H 1
| #define HAVE_INTTYPES_H 1
| #define HAVE_STDINT_H 1
| #define HAVE_UNISTD_H 1
| #define HAVE_DLFCN_H 1
| #define HAVE_FCNTL_H 1
| #define HAVE_FLOAT_H 1
| #define HAVE_LIMITS_H 1
| #define HAVE_STDDEF_H 1
| #define HAVE_STDINT_H 1
| #define HAVE_STDLIB_H 1
| #define HAVE_SYS_PARAM_H 1
| #define HAVE_ZLIB_H 1
| #define HAVE__BOOL 1
| #define HAVE_STDBOOL_H 1
| #define STDC_HEADERS 1
| #define HAVE_DUP2 1
| #define HAVE_GETHOSTNAME 1
| #define HAVE_GETOPT_LONG 1
| #define HAVE_GETPAGESIZE 1
| #define HAVE_MEMSET 1
| #define HAVE_STRDUP 1
| #define HAVE_STRERROR 1
| #define HAVE_STRTOUL 1
| #define HAVE_FORK 1
| #define HAVE_VFORK 1
| #define HAVE_WORKING_VFORK 1
| #define HAVE_WORKING_FORK 1
| #define HAVE_STDLIB_H 1
| #define HAVE_MALLOC 1
| #define HAVE_STDLIB_H 1
| #define HAVE_REALLOC 1
| #define HAVE_VPRINTF 1
| /* end confdefs.h.  */
| #include <stdio.h>
| #ifdef HAVE_SYS_TYPES_H
| # include <sys/types.h>
| #endif
| #ifdef HAVE_SYS_STAT_H
| # include <sys/stat.h>
| #endif
| #ifdef STDC_HEADERS
| # include <stdlib.h>
| # include <stddef.h>
| #else
| # ifdef HAVE_STDLIB_H
| #  include <stdlib.h>
| # endif
| #endif
| #ifdef HAVE_STRING_H
| # if !defined STDC_HEADERS && defined HAVE_MEMORY_H
| #  include <memory.h>
| # endif
| # include <string.h>
| #endif
| #ifdef HAVE_STRINGS_H
| # include <strings.h>
| #endif
| #ifdef HAVE_INTTYPES_H
| # include <inttypes.h>
| #endif
| #ifdef HAVE_STDINT_H
| # include <stdint.h>
| #endif
| #ifdef HAVE_UNISTD_H
| # include <unistd.h>
| #endif
| int
| main ()
| {
| if (sizeof ((ptrdiff_t)))
| 	    return 0;
|   ;
|   return 0;
| }
configure:6007: result: yes
configure:6017: checking for mode_t
configure:6017: gcc -c -g -O2  conftest.c >&5
configure:6017: $? = 0
configure:6017: gcc -c -g -O2  conftest.c >&5
conftest.c: In function 'main':
conftest.c:87:21: error: expected expression before ')' token
   87 | if (sizeof ((mode_t)))
      |                     ^
configure:6017: $? = 1
configure: failed program was:
| /* confdefs.h */
| #define PACKAGE_NAME "NTCARD"
| #define PACKAGE_TARNAME "ntcard"
| #define PACKAGE_VERSION "1.1.0"
| #define PACKAGE_STRING "NTCARD 1.1.0"
| #define PACKAGE_BUGREPORT "hmohamadi@bcgsc.ca"
| #define PACKAGE_URL "https://github.com/bcgsc/ntCard"
| #define PACKAGE "ntcard"
| #define VERSION "1.1.0"
| #define STDC_HEADERS 1
| #define HAVE_SYS_TYPES_H 1
| #define HAVE_SYS_STAT_H 1
| #define HAVE_STDLIB_H 1
| #define HAVE_STRING_H 1
| #define HAVE_MEMORY_H 1
| #define HAVE_STRINGS_H 1
| #define HAVE_INTTYPES_H 1
| #define HAVE_STDINT_H 1
| #define HAVE_UNISTD_H 1
| #define HAVE_DLFCN_H 1
| #define HAVE_FCNTL_H 1
| #define HAVE_FLOAT_H 1
| #define HAVE_LIMITS_H 1
| #define HAVE_STDDEF_H 1
| #define HAVE_STDINT_H 1
| #define HAVE_STDLIB_H 1
| #define HAVE_SYS_PARAM_H 1
| #define HAVE_ZLIB_H 1
| #define HAVE__BOOL 1
| #define HAVE_STDBOOL_H 1
| #define STDC_HEADERS 1
| #define HAVE_DUP2 1
| #define HAVE_GETHOSTNAME 1
| #define HAVE_GETOPT_LONG 1
| #define HAVE_GETPAGESIZE 1
| #define HAVE_MEMSET 1
| #define HAVE_STRDUP 1
| #define HAVE_STRERROR 1
| #define HAVE_STRTOUL 1
| #define HAVE_FORK 1
| #define HAVE_VFORK 1
| #define HAVE_WORKING_VFORK 1
| #define HAVE_WORKING_FORK 1
| #define HAVE_STDLIB_H 1
| #define HAVE_MALLOC 1
| #define HAVE_STDLIB_H 1
| #define HAVE_REALLOC 1
| #define HAVE_VPRINTF 1
| #define HAVE_PTRDIFF_T 1
| /* end confdefs.h.  */
| #include <stdio.h>
| #ifdef HAVE_SYS_TYPES_H
| # include <sys/types.h>
| #endif
| #ifdef HAVE_SYS_STAT_H
| # include <sys/stat.h>
| #endif
| #ifdef STDC_HEADERS
| # include <stdlib.h>
| # include <stddef.h>
| #else
| # ifdef HAVE_STDLIB_H
| #  include <stdlib.h>
| # endif
| #endif
| #ifdef HAVE_STRING_H
| # if !defined STDC_HEADERS && defined HAVE_MEMORY_H
| #  include <memory.h>
| # endif
| # include <string.h>
| #endif
| #ifdef HAVE_STRINGS_H
| # include <strings.h>
| #endif
| #ifdef HAVE_INTTYPES_H
| # include <inttypes.h>
| #endif
| #ifdef HAVE_STDINT_H
| # include <stdint.h>
| #endif
| #ifdef HAVE_UNISTD_H
| # include <unistd.h>
| #endif
| int
| main ()
| {
| if (sizeof ((mode_t)))
| 	    return 0;
|   ;
|   return 0;
| }
configure:6017: result: yes
configure:6028: checking for pid_t
configure:6028: result: yes
configure:6039: checking for size_t
configure:6039: gcc -c -g -O2  conftest.c >&5
configure:6039: $? = 0
configure:6039: gcc -c -g -O2  conftest.c >&5
conftest.c: In function 'main':
conftest.c:87:21: error: expected expression before ')' token
   87 | if (sizeof ((size_t)))
      |                     ^
configure:6039: $? = 1
configure: failed program was:
| /* confdefs.h */
| #define PACKAGE_NAME "NTCARD"
| #define PACKAGE_TARNAME "ntcard"
| #define PACKAGE_VERSION "1.1.0"
| #define PACKAGE_STRING "NTCARD 1.1.0"
| #define PACKAGE_BUGREPORT "hmohamadi@bcgsc.ca"
| #define PACKAGE_URL "https://github.com/bcgsc/ntCard"
| #define PACKAGE "ntcard"
| #define VERSION "1.1.0"
| #define STDC_HEADERS 1
| #define HAVE_SYS_TYPES_H 1
| #define HAVE_SYS_STAT_H 1
| #define HAVE_STDLIB_H 1
| #define HAVE_STRING_H 1
| #define HAVE_MEMORY_H 1
| #define HAVE_STRINGS_H 1
| #define HAVE_INTTYPES_H 1
| #define HAVE_STDINT_H 1
| #define HAVE_UNISTD_H 1
| #define HAVE_DLFCN_H 1
| #define HAVE_FCNTL_H 1
| #define HAVE_FLOAT_H 1
| #define HAVE_LIMITS_H 1
| #define HAVE_STDDEF_H 1
| #define HAVE_STDINT_H 1
| #define HAVE_STDLIB_H 1
| #define HAVE_SYS_PARAM_H 1
| #define HAVE_ZLIB_H 1
| #define HAVE__BOOL 1
| #define HAVE_STDBOOL_H 1
| #define STDC_HEADERS 1
| #define HAVE_DUP2 1
| #define HAVE_GETHOSTNAME 1
| #define HAVE_GETOPT_LONG 1
| #define HAVE_GETPAGESIZE 1
| #define HAVE_MEMSET 1
| #define HAVE_STRDUP 1
| #define HAVE_STRERROR 1
| #define HAVE_STRTOUL 1
| #define HAVE_FORK 1
| #define HAVE_VFORK 1
| #define HAVE_WORKING_VFORK 1
| #define HAVE_WORKING_FORK 1
| #define HAVE_STDLIB_H 1
| #define HAVE_MALLOC 1
| #define HAVE_STDLIB_H 1
| #define HAVE_REALLOC 1
| #define HAVE_VPRINTF 1
| #define HAVE_PTRDIFF_T 1
| /* end confdefs.h.  */
| #include <stdio.h>
| #ifdef HAVE_SYS_TYPES_H
| # include <sys/types.h>
| #endif
| #ifdef HAVE_SYS_STAT_H
| # include <sys/stat.h>
| #endif
| #ifdef STDC_HEADERS
| # include <stdlib.h>
| # include <stddef.h>
| #else
| # ifdef HAVE_STDLIB_H
| #  include <stdlib.h>
| # endif
| #endif
| #ifdef HAVE_STRING_H
| # if !defined STDC_HEADERS && defined HAVE_MEMORY_H
| #  include <memory.h>
| # endif
| # include <string.h>
| #endif
| #ifdef HAVE_STRINGS_H
| # include <strings.h>
| #endif
| #ifdef HAVE_INTTYPES_H
| # include <inttypes.h>
| #endif
| #ifdef HAVE_STDINT_H
| # include <stdint.h>
| #endif
| #ifdef HAVE_UNISTD_H
| # include <unistd.h>
| #endif
| int
| main ()
| {
| if (sizeof ((size_t)))
| 	    return 0;
|   ;
|   return 0;
| }
configure:6039: result: yes
configure:6050: checking for ssize_t
configure:6050: gcc -c -g -O2  conftest.c >&5
configure:6050: $? = 0
configure:6050: gcc -c -g -O2  conftest.c >&5
conftest.c: In function 'main':
conftest.c:87:22: error: expected expression before ')' token
   87 | if (sizeof ((ssize_t)))
      |                      ^
configure:6050: $? = 1
configure: failed program was:
| /* confdefs.h */
| #define PACKAGE_NAME "NTCARD"
| #define PACKAGE_TARNAME "ntcard"
| #define PACKAGE_VERSION "1.1.0"
| #define PACKAGE_STRING "NTCARD 1.1.0"
| #define PACKAGE_BUGREPORT "hmohamadi@bcgsc.ca"
| #define PACKAGE_URL "https://github.com/bcgsc/ntCard"
| #define PACKAGE "ntcard"
| #define VERSION "1.1.0"
| #define STDC_HEADERS 1
| #define HAVE_SYS_TYPES_H 1
| #define HAVE_SYS_STAT_H 1
| #define HAVE_STDLIB_H 1
| #define HAVE_STRING_H 1
| #define HAVE_MEMORY_H 1
| #define HAVE_STRINGS_H 1
| #define HAVE_INTTYPES_H 1
| #define HAVE_STDINT_H 1
| #define HAVE_UNISTD_H 1
| #define HAVE_DLFCN_H 1
| #define HAVE_FCNTL_H 1
| #define HAVE_FLOAT_H 1
| #define HAVE_LIMITS_H 1
| #define HAVE_STDDEF_H 1
| #define HAVE_STDINT_H 1
| #define HAVE_STDLIB_H 1
| #define HAVE_SYS_PARAM_H 1
| #define HAVE_ZLIB_H 1
| #define HAVE__BOOL 1
| #define HAVE_STDBOOL_H 1
| #define STDC_HEADERS 1
| #define HAVE_DUP2 1
| #define HAVE_GETHOSTNAME 1
| #define HAVE_GETOPT_LONG 1
| #define HAVE_GETPAGESIZE 1
| #define HAVE_MEMSET 1
| #define HAVE_STRDUP 1
| #define HAVE_STRERROR 1
| #define HAVE_STRTOUL 1
| #define HAVE_FORK 1
| #define HAVE_VFORK 1
| #define HAVE_WORKING_VFORK 1
| #define HAVE_WORKING_FORK 1
| #define HAVE_STDLIB_H 1
| #define HAVE_MALLOC 1
| #define HAVE_STDLIB_H 1
| #define HAVE_REALLOC 1
| #define HAVE_VPRINTF 1
| #define HAVE_PTRDIFF_T 1
| /* end confdefs.h.  */
| #include <stdio.h>
| #ifdef HAVE_SYS_TYPES_H
| # include <sys/types.h>
| #endif
| #ifdef HAVE_SYS_STAT_H
| # include <sys/stat.h>
| #endif
| #ifdef STDC_HEADERS
| # include <stdlib.h>
| # include <stddef.h>
| #else
| # ifdef HAVE_STDLIB_H
| #  include <stdlib.h>
| # endif
| #endif
| #ifdef HAVE_STRING_H
| # if !defined STDC_HEADERS && defined HAVE_MEMORY_H
| #  include <memory.h>
| # endif
| # include <string.h>
| #endif
| #ifdef HAVE_STRINGS_H
| # include <strings.h>
| #endif
| #ifdef HAVE_INTTYPES_H
| # include <inttypes.h>
| #endif
| #ifdef HAVE_STDINT_H
| # include <stdint.h>
| #endif
| #ifdef HAVE_UNISTD_H
| # include <unistd.h>
| #endif
| int
| main ()
| {
| if (sizeof ((ssize_t)))
| 	    return 0;
|   ;
|   return 0;
| }
configure:6050: result: yes
configure:6061: checking for int64_t
configure:6061: gcc -c -g -O2  conftest.c >&5
configure:6061: $? = 0
configure:6061: gcc -c -g -O2  conftest.c >&5
conftest.c: In function 'main':
conftest.c:89:53: warning: integer overflow in expression of type 'long int' results in '-9223372036854775808' [-Woverflow]
   89 |    < (int64_t) (((((int64_t) 1 << N) << N) - 1) * 2 + 2))];
      |                                                     ^
conftest.c:88:12: error: storage size of 'test_array' isn't constant
   88 | static int test_array [1 - 2 * !((int64_t) (((((int64_t) 1 << N) << N) - 1) * 2 + 1)
      |            ^~~~~~~~~~
configure:6061: $? = 1
configure: failed program was:
| /* confdefs.h */
| #define PACKAGE_NAME "NTCARD"
| #define PACKAGE_TARNAME "ntcard"
| #define PACKAGE_VERSION "1.1.0"
| #define PACKAGE_STRING "NTCARD 1.1.0"
| #define PACKAGE_BUGREPORT "hmohamadi@bcgsc.ca"
| #define PACKAGE_URL "https://github.com/bcgsc/ntCard"
| #define PACKAGE "ntcard"
| #define VERSION "1.1.0"
| #define STDC_HEADERS 1
| #define HAVE_SYS_TYPES_H 1
| #define HAVE_SYS_STAT_H 1
| #define HAVE_STDLIB_H 1
| #define HAVE_STRING_H 1
| #define HAVE_MEMORY_H 1
| #define HAVE_STRINGS_H 1
| #define HAVE_INTTYPES_H 1
| #define HAVE_STDINT_H 1
| #define HAVE_UNISTD_H 1
| #define HAVE_DLFCN_H 1
| #define HAVE_FCNTL_H 1
| #define HAVE_FLOAT_H 1
| #define HAVE_LIMITS_H 1
| #define HAVE_STDDEF_H 1
| #define HAVE_STDINT_H 1
| #define HAVE_STDLIB_H 1
| #define HAVE_SYS_PARAM_H 1
| #define HAVE_ZLIB_H 1
| #define HAVE__BOOL 1
| #define HAVE_STDBOOL_H 1
| #define STDC_HEADERS 1
| #define HAVE_DUP2 1
| #define HAVE_GETHOSTNAME 1
| #define HAVE_GETOPT_LONG 1
| #define HAVE_GETPAGESIZE 1
| #define HAVE_MEMSET 1
| #define HAVE_STRDUP 1
| #define HAVE_STRERROR 1
| #define HAVE_STRTOUL 1
| #define HAVE_FORK 1
| #define HAVE_VFORK 1
| #define HAVE_WORKING_VFORK 1
| #define HAVE_WORKING_FORK 1
| #define HAVE_STDLIB_H 1
| #define HAVE_MALLOC 1
| #define HAVE_STDLIB_H 1
| #define HAVE_REALLOC 1
| #define HAVE_VPRINTF 1
| #define HAVE_PTRDIFF_T 1
| /* end confdefs.h.  */
| #include <stdio.h>
| #ifdef HAVE_SYS_TYPES_H
| # include <sys/types.h>
| #endif
| #ifdef HAVE_SYS_STAT_H
| # include <sys/stat.h>
| #endif
| #ifdef STDC_HEADERS
| # include <stdlib.h>
| # include <stddef.h>
| #else
| # ifdef HAVE_STDLIB_H
| #  include <stdlib.h>
| # endif
| #endif
| #ifdef HAVE_STRING_H
| # if !defined STDC_HEADERS && defined HAVE_MEMORY_H
| #  include <memory.h>
| # endif
| # include <string.h>
| #endif
| #ifdef HAVE_STRINGS_H
| # include <strings.h>
| #endif
| #ifdef HAVE_INTTYPES_H
| # include <inttypes.h>
| #endif
| #ifdef HAVE_STDINT_H
| # include <stdint.h>
| #endif
| #ifdef HAVE_UNISTD_H
| # include <unistd.h>
| #endif
| 	        enum { N = 64 / 2 - 1 };
| int
| main ()
| {
| static int test_array [1 - 2 * !((int64_t) (((((int64_t) 1 << N) << N) - 1) * 2 + 1)
| 		 < (int64_t) (((((int64_t) 1 << N) << N) - 1) * 2 + 2))];
| test_array [0] = 0;
| return test_array [0];
| 
|   ;
|   return 0;
| }
configure:6061: result: yes
configure:6072: checking for uint8_t
configure:6072: gcc -c -g -O2  conftest.c >&5
configure:6072: $? = 0
configure:6072: result: yes
configure:6086: checking for uint16_t
configure:6086: gcc -c -g -O2  conftest.c >&5
configure:6086: $? = 0
configure:6086: result: yes
configure:6098: checking for uint32_t
configure:6098: gcc -c -g -O2  conftest.c >&5
configure:6098: $? = 0
configure:6098: result: yes
configure:6112: checking for uint64_t
configure:6112: gcc -c -g -O2  conftest.c >&5
configure:6112: $? = 0
configure:6112: result: yes
configure:6128: checking for sqrt in -lm
configure:6153: gcc -o conftest -g -O2   conftest.c -lm   >&5
conftest.c:58:6: warning: conflicting types for built-in function 'sqrt'; expected 'double(double)' [-Wbuiltin-declaration-mismatch]
   58 | char sqrt ();
      |      ^~~~
conftest.c:1:1: note: 'sqrt' is declared in header '<math.h>'
    1 | /* confdefs.h */
configure:6153: $? = 0
configure:6162: result: yes
configure:6176: checking for pow
configure:6176: gcc -o conftest -g -O2   conftest.c -lm  >&5
conftest.c:75:6: warning: conflicting types for built-in function 'pow'; expected 'double(double,  double)' [-Wbuiltin-declaration-mismatch]
   75 | char pow ();
      |      ^~~
conftest.c:63:1: note: 'pow' is declared in header '<math.h>'
   62 | # include <limits.h>
   63 | #else
configure:6176: $? = 0
configure:6176: result: yes
configure:6176: checking for sqrt
configure:6176: gcc -o conftest -g -O2   conftest.c -lm  >&5
conftest.c:76:6: warning: conflicting types for built-in function 'sqrt'; expected 'double(double)' [-Wbuiltin-declaration-mismatch]
   76 | char sqrt ();
      |      ^~~~
conftest.c:64:1: note: 'sqrt' is declared in header '<math.h>'
   63 | # include <limits.h>
   64 | #else
configure:6176: $? = 0
configure:6176: result: yes
configure:6185: checking for ceilf
configure:6185: gcc -o conftest -g -O2   conftest.c -lm  >&5
conftest.c:77:6: warning: conflicting types for built-in function 'ceilf'; expected 'float(float)' [-Wbuiltin-declaration-mismatch]
   77 | char ceilf ();
      |      ^~~~~
conftest.c:65:1: note: 'ceilf' is declared in header '<math.h>'
   64 | # include <limits.h>
   65 | #else
configure:6185: $? = 0
configure:6185: result: yes
configure:6196: checking for dlsym in -ldl
configure:6221: gcc -o conftest -g -O2   conftest.c -ldl  -lm  >&5
configure:6221: $? = 0
configure:6230: result: yes
configure:6243: checking for gzwrite in -lz
configure:6268: gcc -o conftest -g -O2   conftest.c -lz  -ldl -lm  >&5
configure:6268: $? = 0
configure:6277: result: yes
configure:6313: checking for g++ option to support OpenMP
configure:6328: g++ -o conftest -O3   conftest.cpp -lz -ldl -lm  >&5
conftest.cpp:58:2: error: 'choke' does not name a type
   58 |  choke me
      |  ^~~~~
In file included from conftest.cpp:60:
/usr/lib/gcc/x86_64-pc-linux-gnu/10.1.0/include/omp.h:39:3: error: 'omp_lock_t' does not name a type
   39 | } omp_lock_t;
      |   ^~~~~~~~~~
/usr/lib/gcc/x86_64-pc-linux-gnu/10.1.0/include/omp.h:114:13: error: variable or field 'omp_init_lock' declared void
  114 | extern void omp_init_lock (omp_lock_t *) __GOMP_NOTHROW;
      |             ^~~~~~~~~~~~~
/usr/lib/gcc/x86_64-pc-linux-gnu/10.1.0/include/omp.h:114:28: error: 'omp_lock_t' was not declared in this scope; did you mean 'omp_lock_hint_t'?
  114 | extern void omp_init_lock (omp_lock_t *) __GOMP_NOTHROW;
      |                            ^~~~~~~~~~
      |                            omp_lock_hint_t
/usr/lib/gcc/x86_64-pc-linux-gnu/10.1.0/include/omp.h:114:40: error: expected primary-expression before ')' token
  114 | extern void omp_init_lock (omp_lock_t *) __GOMP_NOTHROW;
      |                                        ^
/usr/lib/gcc/x86_64-pc-linux-gnu/10.1.0/include/omp.h:115:13: error: variable or field 'omp_init_lock_with_hint' declared void
  115 | extern void omp_init_lock_with_hint (omp_lock_t *, omp_sync_hint_t)
      |             ^~~~~~~~~~~~~~~~~~~~~~~
/usr/lib/gcc/x86_64-pc-linux-gnu/10.1.0/include/omp.h:115:38: error: 'omp_lock_t' was not declared in this scope; did you mean 'omp_lock_hint_t'?
  115 | extern void omp_init_lock_with_hint (omp_lock_t *, omp_sync_hint_t)
      |                                      ^~~~~~~~~~
      |                                      omp_lock_hint_t
/usr/lib/gcc/x86_64-pc-linux-gnu/10.1.0/include/omp.h:115:50: error: expected primary-expression before ',' token
  115 | extern void omp_init_lock_with_hint (omp_lock_t *, omp_sync_hint_t)
      |                                                  ^
/usr/lib/gcc/x86_64-pc-linux-gnu/10.1.0/include/omp.h:115:67: error: expected primary-expression before ')' token
  115 | extern void omp_init_lock_with_hint (omp_lock_t *, omp_sync_hint_t)
      |                                                                   ^
/usr/lib/gcc/x86_64-pc-linux-gnu/10.1.0/include/omp.h:117:13: error: variable or field 'omp_destroy_lock' declared void
  117 | extern void omp_destroy_lock (omp_lock_t *) __GOMP_NOTHROW;
      |             ^~~~~~~~~~~~~~~~
/usr/lib/gcc/x86_64-pc-linux-gnu/10.1.0/include/omp.h:117:31: error: 'omp_lock_t' was not declared in this scope; did you mean 'omp_lock_hint_t'?
  117 | extern void omp_destroy_lock (omp_lock_t *) __GOMP_NOTHROW;
      |                               ^~~~~~~~~~
      |                               omp_lock_hint_t
/usr/lib/gcc/x86_64-pc-linux-gnu/10.1.0/include/omp.h:117:43: error: expected primary-expression before ')' token
  117 | extern void omp_destroy_lock (omp_lock_t *) __GOMP_NOTHROW;
      |                                           ^
/usr/lib/gcc/x86_64-pc-linux-gnu/10.1.0/include/omp.h:118:13: error: variable or field 'omp_set_lock' declared void
  118 | extern void omp_set_lock (omp_lock_t *) __GOMP_NOTHROW;
      |             ^~~~~~~~~~~~
/usr/lib/gcc/x86_64-pc-linux-gnu/10.1.0/include/omp.h:118:27: error: 'omp_lock_t' was not declared in this scope; did you mean 'omp_lock_hint_t'?
  118 | extern void omp_set_lock (omp_lock_t *) __GOMP_NOTHROW;
      |                           ^~~~~~~~~~
      |                           omp_lock_hint_t
/usr/lib/gcc/x86_64-pc-linux-gnu/10.1.0/include/omp.h:118:39: error: expected primary-expression before ')' token
  118 | extern void omp_set_lock (omp_lock_t *) __GOMP_NOTHROW;
      |                                       ^
/usr/lib/gcc/x86_64-pc-linux-gnu/10.1.0/include/omp.h:119:13: error: variable or field 'omp_unset_lock' declared void
  119 | extern void omp_unset_lock (omp_lock_t *) __GOMP_NOTHROW;
      |             ^~~~~~~~~~~~~~
/usr/lib/gcc/x86_64-pc-linux-gnu/10.1.0/include/omp.h:119:29: error: 'omp_lock_t' was not declared in this scope; did you mean 'omp_lock_hint_t'?
  119 | extern void omp_unset_lock (omp_lock_t *) __GOMP_NOTHROW;
      |                             ^~~~~~~~~~
      |                             omp_lock_hint_t
/usr/lib/gcc/x86_64-pc-linux-gnu/10.1.0/include/omp.h:119:41: error: expected primary-expression before ')' token
  119 | extern void omp_unset_lock (omp_lock_t *) __GOMP_NOTHROW;
      |                                         ^
/usr/lib/gcc/x86_64-pc-linux-gnu/10.1.0/include/omp.h:120:27: error: 'omp_lock_t' was not declared in this scope; did you mean 'omp_lock_hint_t'?
  120 | extern int omp_test_lock (omp_lock_t *) __GOMP_NOTHROW;
      |                           ^~~~~~~~~~
      |                           omp_lock_hint_t
/usr/lib/gcc/x86_64-pc-linux-gnu/10.1.0/include/omp.h:120:39: error: expected primary-expression before ')' token
  120 | extern int omp_test_lock (omp_lock_t *) __GOMP_NOTHROW;
      |                                       ^
configure:6328: $? = 1
configure: failed program was:
| /* confdefs.h */
| #define PACKAGE_NAME "NTCARD"
| #define PACKAGE_TARNAME "ntcard"
| #define PACKAGE_VERSION "1.1.0"
| #define PACKAGE_STRING "NTCARD 1.1.0"
| #define PACKAGE_BUGREPORT "hmohamadi@bcgsc.ca"
| #define PACKAGE_URL "https://github.com/bcgsc/ntCard"
| #define PACKAGE "ntcard"
| #define VERSION "1.1.0"
| #define STDC_HEADERS 1
| #define HAVE_SYS_TYPES_H 1
| #define HAVE_SYS_STAT_H 1
| #define HAVE_STDLIB_H 1
| #define HAVE_STRING_H 1
| #define HAVE_MEMORY_H 1
| #define HAVE_STRINGS_H 1
| #define HAVE_INTTYPES_H 1
| #define HAVE_STDINT_H 1
| #define HAVE_UNISTD_H 1
| #define HAVE_DLFCN_H 1
| #define HAVE_FCNTL_H 1
| #define HAVE_FLOAT_H 1
| #define HAVE_LIMITS_H 1
| #define HAVE_STDDEF_H 1
| #define HAVE_STDINT_H 1
| #define HAVE_STDLIB_H 1
| #define HAVE_SYS_PARAM_H 1
| #define HAVE_ZLIB_H 1
| #define HAVE__BOOL 1
| #define HAVE_STDBOOL_H 1
| #define STDC_HEADERS 1
| #define HAVE_DUP2 1
| #define HAVE_GETHOSTNAME 1
| #define HAVE_GETOPT_LONG 1
| #define HAVE_GETPAGESIZE 1
| #define HAVE_MEMSET 1
| #define HAVE_STRDUP 1
| #define HAVE_STRERROR 1
| #define HAVE_STRTOUL 1
| #define HAVE_FORK 1
| #define HAVE_VFORK 1
| #define HAVE_WORKING_VFORK 1
| #define HAVE_WORKING_FORK 1
| #define HAVE_STDLIB_H 1
| #define HAVE_MALLOC 1
| #define HAVE_STDLIB_H 1
| #define HAVE_REALLOC 1
| #define HAVE_VPRINTF 1
| #define HAVE_PTRDIFF_T 1
| #define HAVE_LIBM 1
| #define HAVE_POW 1
| #define HAVE_SQRT 1
| #define HAVE_LIBDL 1
| #define HAVE_LIBZ 1
| /* end confdefs.h.  */
| 
| #ifndef _OPENMP
|  choke me
| #endif
| #include <omp.h>
| int main () { return omp_get_num_threads (); }
| 
configure:6346: g++ -o conftest -O3 -fopenmp   conftest.cpp -lz -ldl -lm  >&5
configure:6346: $? = 0
configure:6360: result: -fopenmp
configure:6497: checking that generated files are newer than configure
configure:6503: result: done
configure:6535: creating ./config.status

## ---------------------- ##
## Running config.status. ##
## ---------------------- ##

This file was extended by NTCARD config.status 1.1.0, which was
generated by GNU Autoconf 2.69.  Invocation command line was

  CONFIG_FILES    = 
  CONFIG_HEADERS  = 
  CONFIG_LINKS    = 
  CONFIG_COMMANDS = 
  $ ./config.status 

on meeseeks

config.status:895: creating Makefile
config.status:895: creating config.h
config.status:1124: executing depfiles commands

## ---------------- ##
## Cache variables. ##
## ---------------- ##

ac_cv_c_bigendian=no
ac_cv_c_compiler_gnu=yes
ac_cv_c_const=yes
ac_cv_c_inline=inline
ac_cv_c_int64_t=yes
ac_cv_c_uint16_t=yes
ac_cv_c_uint32_t=yes
ac_cv_c_uint64_t=yes
ac_cv_c_uint8_t=yes
ac_cv_cxx_compiler_gnu=yes
ac_cv_env_CCC_set=
ac_cv_env_CCC_value=
ac_cv_env_CC_set=
ac_cv_env_CC_value=
ac_cv_env_CFLAGS_set=
ac_cv_env_CFLAGS_value=
ac_cv_env_CPPFLAGS_set=
ac_cv_env_CPPFLAGS_value=
ac_cv_env_CPP_set=
ac_cv_env_CPP_value=
ac_cv_env_CXXFLAGS_set=
ac_cv_env_CXXFLAGS_value=
ac_cv_env_CXX_set=
ac_cv_env_CXX_value=
ac_cv_env_LDFLAGS_set=
ac_cv_env_LDFLAGS_value=
ac_cv_env_LIBS_set=
ac_cv_env_LIBS_value=
ac_cv_env_build_alias_set=
ac_cv_env_build_alias_value=
ac_cv_env_host_alias_set=
ac_cv_env_host_alias_value=
ac_cv_env_target_alias_set=
ac_cv_env_target_alias_value=
ac_cv_func__doprnt=no
ac_cv_func_ceilf=yes
ac_cv_func_dup2=yes
ac_cv_func_fork=yes
ac_cv_func_fork_works=yes
ac_cv_func_gethostname=yes
ac_cv_func_getopt_long=yes
ac_cv_func_getpagesize=yes
ac_cv_func_malloc_0_nonnull=yes
ac_cv_func_memcmp_working=yes
ac_cv_func_memset=yes
ac_cv_func_pow=yes
ac_cv_func_realloc_0_nonnull=yes
ac_cv_func_setvbuf_reversed=no
ac_cv_func_sqrt=yes
ac_cv_func_strdup=yes
ac_cv_func_strerror=yes
ac_cv_func_strtoul=yes
ac_cv_func_vfork=yes
ac_cv_func_vfork_works=yes
ac_cv_func_vprintf=yes
ac_cv_header_dlfcn_h=yes
ac_cv_header_fcntl_h=yes
ac_cv_header_float_h=yes
ac_cv_header_inttypes_h=yes
ac_cv_header_limits_h=yes
ac_cv_header_memory_h=yes
ac_cv_header_stdbool_h=yes
ac_cv_header_stdc=yes
ac_cv_header_stddef_h=yes
ac_cv_header_stdint_h=yes
ac_cv_header_stdlib_h=yes
ac_cv_header_string_h=yes
ac_cv_header_strings_h=yes
ac_cv_header_sys_param_h=yes
ac_cv_header_sys_stat_h=yes
ac_cv_header_sys_types_h=yes
ac_cv_header_unistd_h=yes
ac_cv_header_vfork_h=no
ac_cv_header_zlib_h=yes
ac_cv_lib_dl_dlsym=yes
ac_cv_lib_m_sqrt=yes
ac_cv_lib_z_gzwrite=yes
ac_cv_objext=o
ac_cv_path_EGREP='/usr/bin//grep -E'
ac_cv_path_GREP=/usr/bin//grep
ac_cv_path_install='/usr/bin//install -c'
ac_cv_path_mkdir=/usr/bin//mkdir
ac_cv_prog_AWK=gawk
ac_cv_prog_CPP='gcc -E'
ac_cv_prog_ac_ct_CC=gcc
ac_cv_prog_ac_ct_CXX=g++
ac_cv_prog_ac_ct_RANLIB=ranlib
ac_cv_prog_cc_c89=
ac_cv_prog_cc_g=yes
ac_cv_prog_cxx_g=yes
ac_cv_prog_cxx_openmp=-fopenmp
ac_cv_prog_make_make_set=yes
ac_cv_type__Bool=yes
ac_cv_type_mode_t=yes
ac_cv_type_pid_t=yes
ac_cv_type_ptrdiff_t=yes
ac_cv_type_size_t=yes
ac_cv_type_ssize_t=yes
am_cv_CC_dependencies_compiler_type=gcc3
am_cv_CXX_dependencies_compiler_type=gcc3
am_cv_make_support_nested_variables=yes
am_cv_prog_cc_c_o=yes

## ----------------- ##
## Output variables. ##
## ----------------- ##

ACLOCAL='${SHELL} /home/pdimens/secondary/pdimens/yft_genome_v2/Talbacares/software/kmergenie-1.7051/ntCard/missing aclocal-1.15'
AMDEPBACKSLASH='\'
AMDEP_FALSE='#'
AMDEP_TRUE=''
AMTAR='$${TAR-tar}'
AM_BACKSLASH='\'
AM_CXXFLAGS='-Wall -Wextra -Werror'
AM_DEFAULT_V='$(AM_DEFAULT_VERBOSITY)'
AM_DEFAULT_VERBOSITY='1'
AM_V='$(V)'
AUTOCONF='${SHELL} /home/pdimens/secondary/pdimens/yft_genome_v2/Talbacares/software/kmergenie-1.7051/ntCard/missing autoconf'
AUTOHEADER='${SHELL} /home/pdimens/secondary/pdimens/yft_genome_v2/Talbacares/software/kmergenie-1.7051/ntCard/missing autoheader'
AUTOMAKE='${SHELL} /home/pdimens/secondary/pdimens/yft_genome_v2/Talbacares/software/kmergenie-1.7051/ntCard/missing automake-1.15'
AWK='gawk'
CC='gcc'
CCDEPMODE='depmode=gcc3'
CFLAGS='-g -O2'
CPP='gcc -E'
CPPFLAGS='-I/home/pdimens/secondary/pdimens/yft_genome_v2/Talbacares/software/kmergenie-1.7051/ntCard -fopenmp '
CXX='g++'
CXXDEPMODE='depmode=gcc3'
CXXFLAGS='-O3'
CYGPATH_W='echo'
DEFS='-DHAVE_CONFIG_H'
DEPDIR='.deps'
ECHO_C=''
ECHO_N='-n'
ECHO_T=''
EGREP='/usr/bin//grep -E'
EXEEXT=''
GREP='/usr/bin//grep'
HAVE_LIBZ_FALSE='#'
HAVE_LIBZ_TRUE=''
INSTALL_DATA='${INSTALL} -m 644'
INSTALL_PROGRAM='${INSTALL}'
INSTALL_SCRIPT='${INSTALL}'
INSTALL_STRIP_PROGRAM='$(install_sh) -c -s'
LDFLAGS='-fopenmp '
LIBOBJS=''
LIBS='-lz -ldl -lm '
LTLIBOBJS=''
MAKEINFO='${SHELL} /home/pdimens/secondary/pdimens/yft_genome_v2/Talbacares/software/kmergenie-1.7051/ntCard/missing makeinfo'
MKDIR_P='/usr/bin//mkdir -p'
OBJEXT='o'
OPENMP_CXXFLAGS='-fopenmp'
PACKAGE='ntcard'
PACKAGE_BUGREPORT='hmohamadi@bcgsc.ca'
PACKAGE_NAME='NTCARD'
PACKAGE_STRING='NTCARD 1.1.0'
PACKAGE_TARNAME='ntcard'
PACKAGE_URL='https://github.com/bcgsc/ntCard'
PACKAGE_VERSION='1.1.0'
PATH_SEPARATOR=':'
RANLIB='ranlib'
SET_MAKE=''
SHELL='/bin/sh'
STRIP=''
VERSION='1.1.0'
ac_ct_CC='gcc'
ac_ct_CXX='g++'
am__EXEEXT_FALSE=''
am__EXEEXT_TRUE='#'
am__fastdepCC_FALSE='#'
am__fastdepCC_TRUE=''
am__fastdepCXX_FALSE='#'
am__fastdepCXX_TRUE=''
am__include='include'
am__isrc=''
am__leading_dot='.'
am__nodep='_no'
am__quote=''
am__tar='$${TAR-tar} chof - "$$tardir"'
am__untar='$${TAR-tar} xf -'
bindir='${exec_prefix}/bin'
build_alias=''
datadir='${datarootdir}'
datarootdir='${prefix}/share'
docdir='${datarootdir}/doc/${PACKAGE_TARNAME}'
dvidir='${docdir}'
exec_prefix='${prefix}'
host_alias=''
htmldir='${docdir}'
includedir='${prefix}/include'
infodir='${datarootdir}/info'
install_sh='${SHELL} /home/pdimens/secondary/pdimens/yft_genome_v2/Talbacares/software/kmergenie-1.7051/ntCard/install-sh'
libdir='${exec_prefix}/lib'
libexecdir='${exec_prefix}/libexec'
localedir='${datarootdir}/locale'
localstatedir='${prefix}/var'
mandir='${datarootdir}/man'
mkdir_p='$(MKDIR_P)'
oldincludedir='/usr/include'
pdfdir='${docdir}'
prefix='/usr/local'
program_transform_name='s,x,x,'
psdir='${docdir}'
sbindir='${exec_prefix}/sbin'
sharedstatedir='${prefix}/com'
sysconfdir='${prefix}/etc'
target_alias=''

## ----------- ##
## confdefs.h. ##
## ----------- ##

/* confdefs.h */
#define PACKAGE_NAME "NTCARD"
#define PACKAGE_TARNAME "ntcard"
#define PACKAGE_VERSION "1.1.0"
#define PACKAGE_STRING "NTCARD 1.1.0"
#define PACKAGE_BUGREPORT "hmohamadi@bcgsc.ca"
#define PACKAGE_URL "https://github.com/bcgsc/ntCard"
#define PACKAGE "ntcard"
#define VERSION "1.1.0"
#define STDC_HEADERS 1
#define HAVE_SYS_TYPES_H 1
#define HAVE_SYS_STAT_H 1
#define HAVE_STDLIB_H 1
#define HAVE_STRING_H 1
#define HAVE_MEMORY_H 1
#define HAVE_STRINGS_H 1
#define HAVE_INTTYPES_H 1
#define HAVE_STDINT_H 1
#define HAVE_UNISTD_H 1
#define HAVE_DLFCN_H 1
#define HAVE_FCNTL_H 1
#define HAVE_FLOAT_H 1
#define HAVE_LIMITS_H 1
#define HAVE_STDDEF_H 1
#define HAVE_STDINT_H 1
#define HAVE_STDLIB_H 1
#define HAVE_SYS_PARAM_H 1
#define HAVE_ZLIB_H 1
#define HAVE__BOOL 1
#define HAVE_STDBOOL_H 1
#define STDC_HEADERS 1
#define HAVE_DUP2 1
#define HAVE_GETHOSTNAME 1
#define HAVE_GETOPT_LONG 1
#define HAVE_GETPAGESIZE 1
#define HAVE_MEMSET 1
#define HAVE_STRDUP 1
#define HAVE_STRERROR 1
#define HAVE_STRTOUL 1
#define HAVE_FORK 1
#define HAVE_VFORK 1
#define HAVE_WORKING_VFORK 1
#define HAVE_WORKING_FORK 1
#define HAVE_STDLIB_H 1
#define HAVE_MALLOC 1
#define HAVE_STDLIB_H 1
#define HAVE_REALLOC 1
#define HAVE_VPRINTF 1
#define HAVE_PTRDIFF_T 1
#define HAVE_LIBM 1
#define HAVE_POW 1
#define HAVE_SQRT 1
#define HAVE_LIBDL 1
#define HAVE_LIBZ 1

configure: exit 0
